1715896882.666987 client started (238175): version 3.3a, socket /tmp/tmux-1000/default, protocol 8
1715896882.667005 on Linux 6.6.9-amd64 #1 SMP PREEMPT_DYNAMIC Kali 6.6.9-1kali1 (2024-01-08)
1715896882.667008 using libevent 2.1.12-stable (poll); ncurses 6.4
1715896882.667018 flags are 0x10010000
1715896882.667020 socket is /tmp/tmux-1000/default
1715896882.667032 trying connect
1715896882.667112 add peer 0x559f2f0e95a0: 6 ((nil))
1715896882.667344 sending message 100 to peer 0x559f2f0e95a0 (4 bytes)
1715896882.667348 sending message 111 to peer 0x559f2f0e95a0 (8 bytes)
1715896882.667350 sending message 101 to peer 0x559f2f0e95a0 (14 bytes)
1715896882.667352 sending message 109 to peer 0x559f2f0e95a0 (4 bytes)
1715896882.667354 sending message 102 to peer 0x559f2f0e95a0 (11 bytes)
1715896882.667356 sending message 108 to peer 0x559f2f0e95a0 (24 bytes)
1715896882.667357 sending message 112 to peer 0x559f2f0e95a0 (70 bytes)
1715896882.667359 sending message 112 to peer 0x559f2f0e95a0 (5 bytes)
1715896882.667361 sending message 112 to peer 0x559f2f0e95a0 (5 bytes)
1715896882.667363 sending message 112 to peer 0x559f2f0e95a0 (6 bytes)
1715896882.667365 sending message 112 to peer 0x559f2f0e95a0 (6 bytes)
1715896882.667367 sending message 112 to peer 0x559f2f0e95a0 (11 bytes)
1715896882.667369 sending message 112 to peer 0x559f2f0e95a0 (10 bytes)
1715896882.667371 sending message 112 to peer 0x559f2f0e95a0 (13 bytes)
1715896882.667373 sending message 112 to peer 0x559f2f0e95a0 (13 bytes)
1715896882.667375 sending message 112 to peer 0x559f2f0e95a0 (18 bytes)
1715896882.667376 sending message 112 to peer 0x559f2f0e95a0 (11 bytes)
1715896882.667378 sending message 112 to peer 0x559f2f0e95a0 (10 bytes)
1715896882.667380 sending message 112 to peer 0x559f2f0e95a0 (15 bytes)
1715896882.667382 sending message 112 to peer 0x559f2f0e95a0 (21 bytes)
1715896882.667384 sending message 112 to peer 0x559f2f0e95a0 (13 bytes)
1715896882.667386 sending message 112 to peer 0x559f2f0e95a0 (7 bytes)
1715896882.667388 sending message 112 to peer 0x559f2f0e95a0 (13 bytes)
1715896882.667390 sending message 112 to peer 0x559f2f0e95a0 (7 bytes)
1715896882.667392 sending message 112 to peer 0x559f2f0e95a0 (13 bytes)
1715896882.667393 sending message 112 to peer 0x559f2f0e95a0 (9 bytes)
1715896882.667395 sending message 112 to peer 0x559f2f0e95a0 (21 bytes)
1715896882.667397 sending message 112 to peer 0x559f2f0e95a0 (13 bytes)
1715896882.667399 sending message 112 to peer 0x559f2f0e95a0 (8 bytes)
1715896882.667401 sending message 112 to peer 0x559f2f0e95a0 (12 bytes)
1715896882.667403 sending message 112 to peer 0x559f2f0e95a0 (13 bytes)
1715896882.667405 sending message 112 to peer 0x559f2f0e95a0 (9 bytes)
1715896882.667407 sending message 112 to peer 0x559f2f0e95a0 (9 bytes)
1715896882.667408 sending message 112 to peer 0x559f2f0e95a0 (12 bytes)
1715896882.667410 sending message 112 to peer 0x559f2f0e95a0 (8 bytes)
1715896882.667412 sending message 112 to peer 0x559f2f0e95a0 (8 bytes)
1715896882.667414 sending message 112 to peer 0x559f2f0e95a0 (7 bytes)
1715896882.667416 sending message 112 to peer 0x559f2f0e95a0 (7 bytes)
1715896882.667418 sending message 112 to peer 0x559f2f0e95a0 (9 bytes)
1715896882.667436 sending message 112 to peer 0x559f2f0e95a0 (13 bytes)
1715896882.667438 sending message 112 to peer 0x559f2f0e95a0 (6 bytes)
1715896882.667440 sending message 112 to peer 0x559f2f0e95a0 (9 bytes)
1715896882.667442 sending message 112 to peer 0x559f2f0e95a0 (15 bytes)
1715896882.667444 sending message 112 to peer 0x559f2f0e95a0 (13 bytes)
1715896882.667446 sending message 112 to peer 0x559f2f0e95a0 (12 bytes)
1715896882.667448 sending message 112 to peer 0x559f2f0e95a0 (8 bytes)
1715896882.667450 sending message 112 to peer 0x559f2f0e95a0 (14 bytes)
1715896882.667452 sending message 112 to peer 0x559f2f0e95a0 (11 bytes)
1715896882.667453 sending message 112 to peer 0x559f2f0e95a0 (9 bytes)
1715896882.667455 sending message 112 to peer 0x559f2f0e95a0 (10 bytes)
1715896882.667457 sending message 112 to peer 0x559f2f0e95a0 (10 bytes)
1715896882.667459 sending message 112 to peer 0x559f2f0e95a0 (10 bytes)
1715896882.667467 sending message 112 to peer 0x559f2f0e95a0 (10 bytes)
1715896882.667469 sending message 112 to peer 0x559f2f0e95a0 (11 bytes)
1715896882.667471 sending message 112 to peer 0x559f2f0e95a0 (12 bytes)
1715896882.667473 sending message 112 to peer 0x559f2f0e95a0 (12 bytes)
1715896882.667475 sending message 112 to peer 0x559f2f0e95a0 (12 bytes)
1715896882.667477 sending message 112 to peer 0x559f2f0e95a0 (12 bytes)
1715896882.667478 sending message 112 to peer 0x559f2f0e95a0 (12 bytes)
1715896882.667480 sending message 112 to peer 0x559f2f0e95a0 (11 bytes)
1715896882.667482 sending message 112 to peer 0x559f2f0e95a0 (11 bytes)
1715896882.667484 sending message 112 to peer 0x559f2f0e95a0 (12 bytes)
1715896882.667486 sending message 112 to peer 0x559f2f0e95a0 (12 bytes)
1715896882.667488 sending message 112 to peer 0x559f2f0e95a0 (12 bytes)
1715896882.667490 sending message 112 to peer 0x559f2f0e95a0 (12 bytes)
1715896882.667492 sending message 112 to peer 0x559f2f0e95a0 (12 bytes)
1715896882.667493 sending message 112 to peer 0x559f2f0e95a0 (10 bytes)
1715896882.667495 sending message 112 to peer 0x559f2f0e95a0 (12 bytes)
1715896882.667497 sending message 112 to peer 0x559f2f0e95a0 (13 bytes)
1715896882.667499 sending message 112 to peer 0x559f2f0e95a0 (13 bytes)
1715896882.667501 sending message 112 to peer 0x559f2f0e95a0 (13 bytes)
1715896882.667503 sending message 112 to peer 0x559f2f0e95a0 (13 bytes)
1715896882.667505 sending message 112 to peer 0x559f2f0e95a0 (13 bytes)
1715896882.667507 sending message 112 to peer 0x559f2f0e95a0 (8 bytes)
1715896882.667509 sending message 112 to peer 0x559f2f0e95a0 (11 bytes)
1715896882.667511 sending message 112 to peer 0x559f2f0e95a0 (11 bytes)
1715896882.667512 sending message 112 to peer 0x559f2f0e95a0 (11 bytes)
1715896882.667514 sending message 112 to peer 0x559f2f0e95a0 (12 bytes)
1715896882.667516 sending message 112 to peer 0x559f2f0e95a0 (12 bytes)
1715896882.667518 sending message 112 to peer 0x559f2f0e95a0 (12 bytes)
1715896882.667520 sending message 112 to peer 0x559f2f0e95a0 (12 bytes)
1715896882.667522 sending message 112 to peer 0x559f2f0e95a0 (13 bytes)
1715896882.667524 sending message 112 to peer 0x559f2f0e95a0 (13 bytes)
1715896882.667526 sending message 112 to peer 0x559f2f0e95a0 (13 bytes)
1715896882.667528 sending message 112 to peer 0x559f2f0e95a0 (8 bytes)
1715896882.667529 sending message 112 to peer 0x559f2f0e95a0 (13 bytes)
1715896882.667531 sending message 112 to peer 0x559f2f0e95a0 (13 bytes)
1715896882.667533 sending message 112 to peer 0x559f2f0e95a0 (13 bytes)
1715896882.667535 sending message 112 to peer 0x559f2f0e95a0 (13 bytes)
1715896882.667537 sending message 112 to peer 0x559f2f0e95a0 (13 bytes)
1715896882.667539 sending message 112 to peer 0x559f2f0e95a0 (12 bytes)
1715896882.667541 sending message 112 to peer 0x559f2f0e95a0 (12 bytes)
1715896882.667543 sending message 112 to peer 0x559f2f0e95a0 (12 bytes)
1715896882.667544 sending message 112 to peer 0x559f2f0e95a0 (12 bytes)
1715896882.667546 sending message 112 to peer 0x559f2f0e95a0 (13 bytes)
1715896882.667548 sending message 112 to peer 0x559f2f0e95a0 (8 bytes)
1715896882.667550 sending message 112 to peer 0x559f2f0e95a0 (13 bytes)
1715896882.667552 sending message 112 to peer 0x559f2f0e95a0 (13 bytes)
1715896882.667554 sending message 112 to peer 0x559f2f0e95a0 (13 bytes)
1715896882.667556 sending message 112 to peer 0x559f2f0e95a0 (13 bytes)
1715896882.667557 sending message 112 to peer 0x559f2f0e95a0 (13 bytes)
1715896882.667559 sending message 112 to peer 0x559f2f0e95a0 (13 bytes)
1715896882.667561 sending message 112 to peer 0x559f2f0e95a0 (13 bytes)
1715896882.667563 sending message 112 to peer 0x559f2f0e95a0 (12 bytes)
1715896882.667565 sending message 112 to peer 0x559f2f0e95a0 (12 bytes)
1715896882.667567 sending message 112 to peer 0x559f2f0e95a0 (12 bytes)
1715896882.667569 sending message 112 to peer 0x559f2f0e95a0 (8 bytes)
1715896882.667571 sending message 112 to peer 0x559f2f0e95a0 (12 bytes)
1715896882.667572 sending message 112 to peer 0x559f2f0e95a0 (13 bytes)
1715896882.667577 sending message 112 to peer 0x559f2f0e95a0 (13 bytes)
1715896882.667579 sending message 112 to peer 0x559f2f0e95a0 (13 bytes)
1715896882.667581 sending message 112 to peer 0x559f2f0e95a0 (13 bytes)
1715896882.667583 sending message 112 to peer 0x559f2f0e95a0 (13 bytes)
1715896882.667585 sending message 112 to peer 0x559f2f0e95a0 (13 bytes)
1715896882.667586 sending message 112 to peer 0x559f2f0e95a0 (13 bytes)
1715896882.667588 sending message 112 to peer 0x559f2f0e95a0 (13 bytes)
1715896882.667590 sending message 112 to peer 0x559f2f0e95a0 (12 bytes)
1715896882.667592 sending message 112 to peer 0x559f2f0e95a0 (10 bytes)
1715896882.667594 sending message 112 to peer 0x559f2f0e95a0 (12 bytes)
1715896882.667596 sending message 112 to peer 0x559f2f0e95a0 (12 bytes)
1715896882.667598 sending message 112 to peer 0x559f2f0e95a0 (12 bytes)
1715896882.667599 sending message 112 to peer 0x559f2f0e95a0 (13 bytes)
1715896882.667601 sending message 112 to peer 0x559f2f0e95a0 (13 bytes)
1715896882.667603 sending message 112 to peer 0x559f2f0e95a0 (13 bytes)
1715896882.667605 sending message 112 to peer 0x559f2f0e95a0 (13 bytes)
1715896882.667607 sending message 112 to peer 0x559f2f0e95a0 (13 bytes)
1715896882.667609 sending message 112 to peer 0x559f2f0e95a0 (13 bytes)
1715896882.667611 sending message 112 to peer 0x559f2f0e95a0 (13 bytes)
1715896882.667612 sending message 112 to peer 0x559f2f0e95a0 (10 bytes)
1715896882.667614 sending message 112 to peer 0x559f2f0e95a0 (13 bytes)
1715896882.667616 sending message 112 to peer 0x559f2f0e95a0 (12 bytes)
1715896882.667618 sending message 112 to peer 0x559f2f0e95a0 (12 bytes)
1715896882.667620 sending message 112 to peer 0x559f2f0e95a0 (12 bytes)
1715896882.667622 sending message 112 to peer 0x559f2f0e95a0 (10 bytes)
1715896882.667624 sending message 112 to peer 0x559f2f0e95a0 (10 bytes)
1715896882.667626 sending message 112 to peer 0x559f2f0e95a0 (10 bytes)
1715896882.667627 sending message 112 to peer 0x559f2f0e95a0 (12 bytes)
1715896882.667629 sending message 112 to peer 0x559f2f0e95a0 (13 bytes)
1715896882.667631 sending message 112 to peer 0x559f2f0e95a0 (13 bytes)
1715896882.667633 sending message 112 to peer 0x559f2f0e95a0 (13 bytes)
1715896882.667635 sending message 112 to peer 0x559f2f0e95a0 (13 bytes)
1715896882.667637 sending message 112 to peer 0x559f2f0e95a0 (13 bytes)
1715896882.667638 sending message 112 to peer 0x559f2f0e95a0 (11 bytes)
1715896882.667640 sending message 112 to peer 0x559f2f0e95a0 (11 bytes)
1715896882.667642 sending message 112 to peer 0x559f2f0e95a0 (12 bytes)
1715896882.667644 sending message 112 to peer 0x559f2f0e95a0 (12 bytes)
1715896882.667646 sending message 112 to peer 0x559f2f0e95a0 (12 bytes)
1715896882.667648 sending message 112 to peer 0x559f2f0e95a0 (12 bytes)
1715896882.667650 sending message 112 to peer 0x559f2f0e95a0 (12 bytes)
1715896882.667651 sending message 112 to peer 0x559f2f0e95a0 (11 bytes)
1715896882.667653 sending message 112 to peer 0x559f2f0e95a0 (12 bytes)
1715896882.667655 sending message 112 to peer 0x559f2f0e95a0 (12 bytes)
1715896882.667657 sending message 112 to peer 0x559f2f0e95a0 (13 bytes)
1715896882.667659 sending message 112 to peer 0x559f2f0e95a0 (13 bytes)
1715896882.667661 sending message 112 to peer 0x559f2f0e95a0 (13 bytes)
1715896882.667663 sending message 112 to peer 0x559f2f0e95a0 (13 bytes)
1715896882.667665 sending message 112 to peer 0x559f2f0e95a0 (13 bytes)
1715896882.667666 sending message 112 to peer 0x559f2f0e95a0 (10 bytes)
1715896882.667668 sending message 112 to peer 0x559f2f0e95a0 (9 bytes)
1715896882.667670 sending message 112 to peer 0x559f2f0e95a0 (12 bytes)
1715896882.667672 sending message 112 to peer 0x559f2f0e95a0 (13 bytes)
1715896882.667674 sending message 112 to peer 0x559f2f0e95a0 (13 bytes)
1715896882.667676 sending message 112 to peer 0x559f2f0e95a0 (13 bytes)
1715896882.667678 sending message 112 to peer 0x559f2f0e95a0 (13 bytes)
1715896882.667679 sending message 112 to peer 0x559f2f0e95a0 (13 bytes)
1715896882.667681 sending message 112 to peer 0x559f2f0e95a0 (9 bytes)
1715896882.667686 sending message 112 to peer 0x559f2f0e95a0 (12 bytes)
1715896882.667688 sending message 112 to peer 0x559f2f0e95a0 (13 bytes)
1715896882.667689 sending message 112 to peer 0x559f2f0e95a0 (13 bytes)
1715896882.667691 sending message 112 to peer 0x559f2f0e95a0 (13 bytes)
1715896882.667693 sending message 112 to peer 0x559f2f0e95a0 (13 bytes)
1715896882.667695 sending message 112 to peer 0x559f2f0e95a0 (13 bytes)
1715896882.667697 sending message 112 to peer 0x559f2f0e95a0 (11 bytes)
1715896882.667699 sending message 112 to peer 0x559f2f0e95a0 (12 bytes)
1715896882.667701 sending message 112 to peer 0x559f2f0e95a0 (13 bytes)
1715896882.667702 sending message 112 to peer 0x559f2f0e95a0 (13 bytes)
1715896882.667704 sending message 112 to peer 0x559f2f0e95a0 (13 bytes)
1715896882.667706 sending message 112 to peer 0x559f2f0e95a0 (13 bytes)
1715896882.667708 sending message 112 to peer 0x559f2f0e95a0 (13 bytes)
1715896882.667710 sending message 112 to peer 0x559f2f0e95a0 (11 bytes)
1715896882.667712 sending message 112 to peer 0x559f2f0e95a0 (12 bytes)
1715896882.667714 sending message 112 to peer 0x559f2f0e95a0 (12 bytes)
1715896882.667716 sending message 112 to peer 0x559f2f0e95a0 (12 bytes)
1715896882.667717 sending message 112 to peer 0x559f2f0e95a0 (12 bytes)
1715896882.667719 sending message 112 to peer 0x559f2f0e95a0 (12 bytes)
1715896882.667721 sending message 112 to peer 0x559f2f0e95a0 (21 bytes)
1715896882.667723 sending message 112 to peer 0x559f2f0e95a0 (12 bytes)
1715896882.667725 sending message 112 to peer 0x559f2f0e95a0 (9 bytes)
1715896882.667727 sending message 112 to peer 0x559f2f0e95a0 (6 bytes)
1715896882.667729 sending message 112 to peer 0x559f2f0e95a0 (13 bytes)
1715896882.667731 sending message 112 to peer 0x559f2f0e95a0 (8 bytes)
1715896882.667733 sending message 112 to peer 0x559f2f0e95a0 (15 bytes)
1715896882.667737 sending message 112 to peer 0x559f2f0e95a0 (13 bytes)
1715896882.667739 sending message 112 to peer 0x559f2f0e95a0 (9 bytes)
1715896882.667741 sending message 112 to peer 0x559f2f0e95a0 (70 bytes)
1715896882.667743 sending message 112 to peer 0x559f2f0e95a0 (69 bytes)
1715896882.667745 sending message 112 to peer 0x559f2f0e95a0 (10 bytes)
1715896882.667747 sending message 112 to peer 0x559f2f0e95a0 (10 bytes)
1715896882.667748 sending message 112 to peer 0x559f2f0e95a0 (8 bytes)
1715896882.667750 sending message 112 to peer 0x559f2f0e95a0 (15 bytes)
1715896882.667752 sending message 112 to peer 0x559f2f0e95a0 (13 bytes)
1715896882.667754 sending message 112 to peer 0x559f2f0e95a0 (10 bytes)
1715896882.667756 sending message 112 to peer 0x559f2f0e95a0 (10 bytes)
1715896882.667758 sending message 112 to peer 0x559f2f0e95a0 (17 bytes)
1715896882.667760 sending message 112 to peer 0x559f2f0e95a0 (10 bytes)
1715896882.667761 sending message 112 to peer 0x559f2f0e95a0 (13 bytes)
1715896882.667763 sending message 112 to peer 0x559f2f0e95a0 (9 bytes)
1715896882.667765 sending message 112 to peer 0x559f2f0e95a0 (5 bytes)
1715896882.667767 sending message 112 to peer 0x559f2f0e95a0 (15 bytes)
1715896882.667769 sending message 104 to peer 0x559f2f0e95a0 (0 bytes)
1715896882.667772 sending message 110 to peer 0x559f2f0e95a0 (0 bytes)
1715896882.667774 sending message 107 to peer 0x559f2f0e95a0 (4 bytes)
1715896882.667776 sending message 105 to peer 0x559f2f0e95a0 (20 bytes)
1715896882.667778 sending message 105 to peer 0x559f2f0e95a0 (35 bytes)
1715896882.667779 sending message 105 to peer 0x559f2f0e95a0 (13 bytes)
1715896882.667781 sending message 105 to peer 0x559f2f0e95a0 (30 bytes)
1715896882.667783 sending message 105 to peer 0x559f2f0e95a0 (21 bytes)
1715896882.667785 sending message 105 to peer 0x559f2f0e95a0 (21 bytes)
1715896882.667787 sending message 105 to peer 0x559f2f0e95a0 (16 bytes)
1715896882.667789 sending message 105 to peer 0x559f2f0e95a0 (17 bytes)
1715896882.667791 sending message 105 to peer 0x559f2f0e95a0 (10 bytes)
1715896882.667792 sending message 105 to peer 0x559f2f0e95a0 (8 bytes)
1715896882.667794 sending message 105 to peer 0x559f2f0e95a0 (24 bytes)
1715896882.667799 sending message 105 to peer 0x559f2f0e95a0 (24 bytes)
1715896882.667800 sending message 105 to peer 0x559f2f0e95a0 (21 bytes)
1715896882.667802 sending message 105 to peer 0x559f2f0e95a0 (21 bytes)
1715896882.667804 sending message 105 to peer 0x559f2f0e95a0 (25 bytes)
1715896882.667806 sending message 105 to peer 0x559f2f0e95a0 (21 bytes)
1715896882.667808 sending message 105 to peer 0x559f2f0e95a0 (24 bytes)
1715896882.667810 sending message 105 to peer 0x559f2f0e95a0 (13 bytes)
1715896882.667811 sending message 105 to peer 0x559f2f0e95a0 (32 bytes)
1715896882.667813 sending message 105 to peer 0x559f2f0e95a0 (1827 bytes)
1715896882.667821 sending message 105 to peer 0x559f2f0e95a0 (20 bytes)
1715896882.667823 sending message 105 to peer 0x559f2f0e95a0 (18 bytes)
1715896882.667825 sending message 105 to peer 0x559f2f0e95a0 (11 bytes)
1715896882.667827 sending message 105 to peer 0x559f2f0e95a0 (235 bytes)
1715896882.667829 sending message 105 to peer 0x559f2f0e95a0 (30 bytes)
1715896882.667831 sending message 105 to peer 0x559f2f0e95a0 (27 bytes)
1715896882.667833 sending message 105 to peer 0x559f2f0e95a0 (28 bytes)
1715896882.667835 sending message 105 to peer 0x559f2f0e95a0 (19 bytes)
1715896882.667837 sending message 105 to peer 0x559f2f0e95a0 (8 bytes)
1715896882.667838 sending message 105 to peer 0x559f2f0e95a0 (19 bytes)
1715896882.667840 sending message 105 to peer 0x559f2f0e95a0 (47 bytes)
1715896882.667842 sending message 105 to peer 0x559f2f0e95a0 (25 bytes)
1715896882.667844 sending message 105 to peer 0x559f2f0e95a0 (14 bytes)
1715896882.667846 sending message 105 to peer 0x559f2f0e95a0 (14 bytes)
1715896882.667848 sending message 105 to peer 0x559f2f0e95a0 (15 bytes)
1715896882.667850 sending message 105 to peer 0x559f2f0e95a0 (19 bytes)
1715896882.667852 sending message 105 to peer 0x559f2f0e95a0 (18 bytes)
1715896882.667854 sending message 105 to peer 0x559f2f0e95a0 (26 bytes)
1715896882.667855 sending message 105 to peer 0x559f2f0e95a0 (37 bytes)
1715896882.667857 sending message 105 to peer 0x559f2f0e95a0 (13 bytes)
1715896882.667859 sending message 105 to peer 0x559f2f0e95a0 (10 bytes)
1715896882.667861 sending message 105 to peer 0x559f2f0e95a0 (11 bytes)
1715896882.667863 sending message 105 to peer 0x559f2f0e95a0 (34 bytes)
1715896882.667865 sending message 105 to peer 0x559f2f0e95a0 (25 bytes)
1715896882.667867 sending message 105 to peer 0x559f2f0e95a0 (26 bytes)
1715896882.667869 sending message 105 to peer 0x559f2f0e95a0 (16 bytes)
1715896882.667871 sending message 105 to peer 0x559f2f0e95a0 (65 bytes)
1715896882.667873 sending message 106 to peer 0x559f2f0e95a0 (0 bytes)
1715896882.667931 sending message 200 to peer 0x559f2f0e95a0 (4 bytes)
1715896882.667934 client loop enter
1715896882.668321 peer 0x559f2f0e95a0 message 303
1715896882.668325 open write file 2 -
1715896882.668331 sending message 305 to peer 0x559f2f0e95a0 (8 bytes)
1715896882.668337 write check file 2
1715896882.668531 peer 0x559f2f0e95a0 message 304
1715896882.668535 write 58 to file 2
1715896882.668538 peer 0x559f2f0e95a0 message 203
1715896882.668540 file 2 58 bytes left
1715896882.668572 write check file 2
1715896882.668575 client loop exit
